<?xml version="1.0" ?>
<!DOCTYPE coverage SYSTEM "http://cobertura.sourceforge.net/xml/coverage-04.dtd">
<coverage lines-valid="35" lines-covered="30" line-rate="0.8571" branches-valid="20" branches-covered="17" branch-rate="0.85" timestamp="1750258337951" complexity="0" version="0.1">
  <sources>
    <source>/workspaces/Anythink-Market-dqkd9ujg</source>
  </sources>
  <packages>
    <package name="Anythink-Market-dqkd9ujg" line-rate="0.8" branch-rate="0.75">
      <classes>
        <class name="server.js" filename="server.js" line-rate="0.8" branch-rate="0.75">
          <methods>
            <method name="(anonymous_0)" hits="0" signature="()V">
              <lines>
                <line number="12" hits="0"/>
              </lines>
            </method>
          </methods>
          <lines>
            <line number="1" hits="1" branch="false"/>
            <line number="3" hits="1" branch="false"/>
            <line number="4" hits="1" branch="true" condition-coverage="100% (2/2)"/>
            <line number="6" hits="1" branch="false"/>
            <line number="8" hits="1" branch="false"/>
            <line number="9" hits="1" branch="false"/>
            <line number="11" hits="1" branch="true" condition-coverage="50% (1/2)"/>
            <line number="12" hits="0" branch="false"/>
            <line number="13" hits="0" branch="false"/>
            <line number="17" hits="1" branch="false"/>
          </lines>
        </class>
      </classes>
    </package>
    <package name="Anythink-Market-dqkd9ujg.api" line-rate="0.88" branch-rate="0.875">
      <classes>
        <class name="controller.js" filename="api/controller.js" line-rate="0.8636" branch-rate="0.875">
          <methods>
            <method name="(anonymous_0)" hits="33" signature="()V">
              <lines>
                <line number="3" hits="33"/>
              </lines>
            </method>
            <method name="(anonymous_1)" hits="5" signature="()V">
              <lines>
                <line number="4" hits="5"/>
              </lines>
            </method>
            <method name="(anonymous_2)" hits="6" signature="()V">
              <lines>
                <line number="15" hits="6"/>
              </lines>
            </method>
            <method name="(anonymous_3)" hits="0" signature="()V">
              <lines>
                <line number="16" hits="0"/>
              </lines>
            </method>
            <method name="(anonymous_4)" hits="6" signature="()V">
              <lines>
                <line number="17" hits="6"/>
              </lines>
            </method>
            <method name="(anonymous_5)" hits="7" signature="()V">
              <lines>
                <line number="18" hits="7"/>
              </lines>
            </method>
            <method name="(anonymous_6)" hits="9" signature="()V">
              <lines>
                <line number="19" hits="9"/>
              </lines>
            </method>
          </methods>
          <lines>
            <line number="3" hits="1" branch="false"/>
            <line number="4" hits="33" branch="false"/>
            <line number="5" hits="5" branch="true" condition-coverage="50% (1/2)"/>
            <line number="6" hits="0" branch="false"/>
            <line number="9" hits="5" branch="false"/>
            <line number="10" hits="5" branch="false"/>
            <line number="14" hits="33" branch="false"/>
            <line number="15" hits="6" branch="false"/>
            <line number="16" hits="0" branch="false"/>
            <line number="17" hits="6" branch="false"/>
            <line number="18" hits="7" branch="false"/>
            <line number="19" hits="9" branch="false"/>
            <line number="22" hits="33" branch="true" condition-coverage="100% (2/2)"/>
            <line number="23" hits="1" branch="false"/>
            <line number="26" hits="32" branch="false"/>
            <line number="28" hits="32" branch="true" condition-coverage="100% (2/2)"/>
            <line number="29" hits="1" branch="false"/>
            <line number="32" hits="31" branch="true" condition-coverage="100% (5/5)"/>
            <line number="35" hits="3" branch="false"/>
            <line number="38" hits="28" branch="true" condition-coverage="80% (4/5)"/>
            <line number="41" hits="0" branch="false"/>
            <line number="44" hits="28" branch="false"/>
          </lines>
        </class>
        <class name="routes.js" filename="api/routes.js" line-rate="1" branch-rate="1">
          <methods>
            <method name="(anonymous_0)" hits="1" signature="()V">
              <lines>
                <line number="1" hits="1"/>
              </lines>
            </method>
          </methods>
          <lines>
            <line number="1" hits="1" branch="false"/>
            <line number="2" hits="1" branch="false"/>
            <line number="3" hits="1" branch="false"/>
          </lines>
        </class>
      </classes>
    </package>
  </packages>
</coverage>
